c:\users\sambu\desktop\cen3031 project\x64\release\cen3031 project.lib
c:\users\sambu\desktop\cen3031 project\x64\release\cen3031 project.exp
c:\users\sambu\desktop\cen3031\x64\release\cen3031 project.lib
c:\users\sambu\desktop\cen3031\x64\release\cen3031 project.exp
c:\users\sambu\desktop\cen3031 project\cen3031 project\x64\release\vc143.pdb
c:\users\sambu\desktop\cen3031 project\cen3031 project\x64\release\imgui_widgets.obj
c:\users\sambu\desktop\cen3031 project\cen3031 project\x64\release\imgui_tables.obj
c:\users\sambu\desktop\cen3031 project\cen3031 project\x64\release\imgui_draw.obj
c:\users\sambu\desktop\cen3031 project\cen3031 project\x64\release\imgui_demo.obj
c:\users\sambu\desktop\cen3031 project\cen3031 project\x64\release\imgui.obj
c:\users\sambu\desktop\cen3031 project\cen3031 project\x64\release\imgui_impl_dx11.obj
c:\users\sambu\desktop\cen3031 project\cen3031 project\x64\release\main.obj
c:\users\sambu\desktop\cen3031 project\cen3031 project\x64\release\imgui_impl_win32.obj
c:\users\sambu\desktop\cen3031 project\cen3031 project\x64\release\sql_test.obj
c:\users\sambu\desktop\cen3031\cen3031 project\x64\release\vc143.pdb
c:\users\sambu\desktop\cen3031\cen3031 project\x64\release\sql_test.obj
c:\users\sambu\desktop\cen3031\cen3031 project\x64\release\main.obj
c:\users\sambu\desktop\cen3031\cen3031 project\x64\release\imgui_widgets.obj
c:\users\sambu\desktop\cen3031\cen3031 project\x64\release\imgui_tables.obj
c:\users\sambu\desktop\cen3031\cen3031 project\x64\release\imgui_draw.obj
c:\users\sambu\desktop\cen3031\cen3031 project\x64\release\imgui_demo.obj
c:\users\sambu\desktop\cen3031\cen3031 project\x64\release\imgui.obj
c:\users\sambu\desktop\cen3031\cen3031 project\x64\release\imgui_impl_win32.obj
c:\users\sambu\desktop\cen3031\cen3031 project\x64\release\imgui_impl_dx11.obj
c:\users\sambu\desktop\cen3031\cen3031 project\x64\release\search.obj
c:\users\sambu\desktop\cen3031 project\x64\release\cen3031 project.exe
c:\users\sambu\desktop\cen3031 project\cen3031 project\x64\release\cen3031 project.ipdb
c:\users\sambu\desktop\cen3031 project\x64\release\cen3031 project.pdb
c:\users\sambu\desktop\cen3031 project\cen3031 project\x64\release\cen3031 project.iobj
c:\users\sambu\desktop\cen3031\cen3031 project\x64\release\cen3031 project.ipdb
c:\users\sambu\desktop\cen3031\cen3031 project\x64\release\cen3031 project.iobj
c:\users\sambu\desktop\cen3031\x64\release\cen3031 project.pdb
c:\users\sambu\desktop\cen3031\cen3031 project\x64\release\cen3031 project.tlog\cen3031 project.write.1u.tlog
c:\users\sambu\desktop\cen3031\cen3031 project\x64\release\cen3031 project.tlog\cl.command.1.tlog
c:\users\sambu\desktop\cen3031\cen3031 project\x64\release\cen3031 project.tlog\cl.read.1.tlog
c:\users\sambu\desktop\cen3031\cen3031 project\x64\release\cen3031 project.tlog\cl.write.1.tlog
c:\users\sambu\desktop\cen3031\cen3031 project\x64\release\cen3031 project.tlog\link.command.1.tlog
c:\users\sambu\desktop\cen3031\cen3031 project\x64\release\cen3031 project.tlog\link.read.1.tlog
c:\users\sambu\desktop\cen3031\cen3031 project\x64\release\cen3031 project.tlog\link.write.1.tlog
